2024-05-24 17:41:31 [scrapy.utils.log] INFO: Scrapy 2.11.1 started (bot: ecommerce_scraper)
2024-05-24 17:41:31 [scrapy.utils.log] INFO: Versions: lxml 5.2.2.0, libxml2 2.12.6, cssselect 1.2.0, parsel 1.9.1, w3lib 2.1.2, Twisted 24.3.0, Python 3.9.19 (main, May 14 2024, 07:12:49) - [GCC 12.2.0], pyOpenSSL 24.1.0 (OpenSSL 3.2.1 30 Jan 2024), cryptography 42.0.7, Platform Linux-6.6.26-linuxkit-aarch64-with-glibc2.36
2024-05-24 17:41:31 [urllib3.connectionpool] DEBUG: Starting new HTTPS connection (1): headers.scrapeops.io:443
2024-05-24 17:41:31 [urllib3.connectionpool] DEBUG: https://headers.scrapeops.io:443 "GET /v1/browser-headers?api_key=daea12f2-c861-4373-b3da-47c01582e74f&num_results=1 HTTP/1.1" 200 528
2024-05-24 17:41:31 [scrapy.addons] INFO: Enabled addons:
[]
2024-05-24 17:41:31 [asyncio] DEBUG: Using selector: EpollSelector
2024-05-24 17:41:31 [scrapy.utils.log] DEBUG: Using reactor: twisted.internet.asyncioreactor.AsyncioSelectorReactor
2024-05-24 17:41:31 [scrapy.utils.log] DEBUG: Using asyncio event loop: asyncio.unix_events._UnixSelectorEventLoop
2024-05-24 17:41:31 [scrapy.extensions.telnet] INFO: Telnet Password: bee8fa95aa78a072
2024-05-24 17:41:31 [scrapy.middleware] INFO: Enabled extensions:
['scrapy.extensions.corestats.CoreStats',
 'scrapy.extensions.telnet.TelnetConsole',
 'scrapy.extensions.memusage.MemoryUsage',
 'scrapy.extensions.feedexport.FeedExporter',
 'scrapy.extensions.logstats.LogStats']
2024-05-24 17:41:31 [scrapy.crawler] INFO: Overridden settings:
{'BOT_NAME': 'ecommerce_scraper',
 'CONCURRENT_REQUESTS': 5,
 'CONCURRENT_REQUESTS_PER_DOMAIN': 5,
 'DOWNLOAD_DELAY': 2,
 'FEED_EXPORT_ENCODING': 'utf-8',
 'LOG_FILE': 'walmart.log',
 'NEWSPIDER_MODULE': 'ecommerce_scraper.spiders',
 'REQUEST_FINGERPRINTER_IMPLEMENTATION': '2.7',
 'SPIDER_MODULES': ['ecommerce_scraper.spiders'],
 'TWISTED_REACTOR': 'twisted.internet.asyncioreactor.AsyncioSelectorReactor'}
2024-05-24 17:41:31 [scrapy.middleware] INFO: Enabled downloader middlewares:
['scrapy.downloadermiddlewares.httpauth.HttpAuthMiddleware',
 'scrapy.downloadermiddlewares.downloadtimeout.DownloadTimeoutMiddleware',
 'scrapy.downloadermiddlewares.defaultheaders.DefaultHeadersMiddleware',
 'scrapy.downloadermiddlewares.useragent.UserAgentMiddleware',
 'scrapy.downloadermiddlewares.retry.RetryMiddleware',
 'scrapy.downloadermiddlewares.redirect.MetaRefreshMiddleware',
 'scrapy.downloadermiddlewares.httpcompression.HttpCompressionMiddleware',
 'scrapy.downloadermiddlewares.redirect.RedirectMiddleware',
 'scrapy.downloadermiddlewares.cookies.CookiesMiddleware',
 'scrapeops_scrapy_proxy_sdk.scrapeops_scrapy_proxy_sdk.ScrapeOpsScrapyProxySdk',
 'scrapy.downloadermiddlewares.httpproxy.HttpProxyMiddleware',
 'scrapy.downloadermiddlewares.stats.DownloaderStats']
2024-05-24 17:41:31 [scrapy.middleware] INFO: Enabled spider middlewares:
['scrapy.spidermiddlewares.httperror.HttpErrorMiddleware',
 'scrapy.spidermiddlewares.offsite.OffsiteMiddleware',
 'scrapy.spidermiddlewares.referer.RefererMiddleware',
 'scrapy.spidermiddlewares.urllength.UrlLengthMiddleware',
 'scrapy.spidermiddlewares.depth.DepthMiddleware']
2024-05-24 17:41:31 [scrapy.middleware] INFO: Enabled item pipelines:
[]
2024-05-24 17:41:31 [scrapy.core.engine] INFO: Spider opened
2024-05-24 17:41:31 [scrapy.extensions.logstats] INFO: Crawled 0 pages (at 0 pages/min), scraped 0 items (at 0 items/min)
2024-05-24 17:41:31 [scrapy.extensions.telnet] INFO: Telnet console listening on 127.0.0.1:6023
2024-05-24 17:41:31 [scrapy-playwright] INFO: Starting download handler
2024-05-24 17:41:31 [scrapy-playwright] INFO: Starting download handler
2024-05-24 17:41:36 [scrapy-playwright] INFO: Launching browser chromium
2024-05-24 17:41:38 [scrapy-playwright] INFO: Browser chromium launched
2024-05-24 17:41:38 [scrapy-playwright] DEBUG: Browser context started: 'default' (persistent=False, remote=False)
2024-05-24 17:41:38 [scrapy-playwright] DEBUG: [Context=default] New page created, page count is 1 (1 for all contexts)
2024-05-24 17:41:38 [scrapy-playwright] DEBUG: [Context=default] Request: <GET https://proxy.scrapeops.io/v1/?api_key=daea12f2-c861-4373-b3da-47c01582e74f&url=https%3A%2F%2Fwww.walmart.ca%2Fsearch%3Fq%3Doikos> (resource type: document)
2024-05-24 17:41:44 [scrapy-playwright] DEBUG: [Context=default] Response: <200 https://proxy.scrapeops.io/v1/?api_key=daea12f2-c861-4373-b3da-47c01582e74f&url=https%3A%2F%2Fwww.walmart.ca%2Fsearch%3Fq%3Doikos>
2024-05-24 17:41:44 [scrapy-playwright] DEBUG: [Context=default] Request: <GET https://fonts.googleapis.com/css?family=Roboto:400,500&display=swap> (resource type: stylesheet, referrer: https://proxy.scrapeops.io/)
2024-05-24 17:41:44 [scrapy-playwright] DEBUG: [Context=default] Request: <GET https://assets.adobedtm.com/launch-ENb669ecb013cf4aa89de0580c69e13c1a.min.js> (resource type: script, referrer: https://proxy.scrapeops.io/)
2024-05-24 17:41:45 [scrapy-playwright] DEBUG: [Context=default] Response: <200 https://fonts.googleapis.com/css?family=Roboto:400,500&display=swap>
2024-05-24 17:41:45 [scrapy-playwright] DEBUG: [Context=default] Request: <GET https://proxy.scrapeops.io/px/PXnp9B16Cq/captcha/captcha.js?a=c&m=0&g=a> (resource type: script, referrer: https://proxy.scrapeops.io/v1/?api_key=daea12f2-c861-4373-b3da-47c01582e74f&url=https%3A%2F%2Fwww.walmart.ca%2Fsearch%3Fq%3Doikos)
2024-05-24 17:41:45 [scrapy-playwright] DEBUG: [Context=default] Response: <200 https://assets.adobedtm.com/launch-ENb669ecb013cf4aa89de0580c69e13c1a.min.js>
2024-05-24 17:41:45 [scrapy-playwright] DEBUG: [Context=default] Request: <GET https://fonts.gstatic.com/s/roboto/v30/KFOlCnqEu92Fr1MmEU9fBBc9.ttf> (resource type: font, referrer: https://fonts.googleapis.com/)
2024-05-24 17:41:45 [scrapy-playwright] DEBUG: [Context=default] Request: <GET https://fonts.gstatic.com/s/roboto/v30/KFOmCnqEu92Fr1Mu4mxP.ttf> (resource type: font, referrer: https://fonts.googleapis.com/)
2024-05-24 17:41:45 [scrapy-playwright] DEBUG: [Context=default] Request: <GET https://dpm.demdex.net/id?d_visid_ver=5.2.0&d_fieldgroup=MC&d_rtbd=json&d_ver=2&d_verify=1&d_orgid=C4C6370453309C960A490D44%40AdobeOrg&d_nsid=0&ts=1716572505493> (resource type: xhr, referrer: https://proxy.scrapeops.io/)
2024-05-24 17:41:45 [scrapy-playwright] DEBUG: [Context=default] Request: <GET https://www.google-analytics.com/analytics.js> (resource type: script, referrer: https://proxy.scrapeops.io/)
2024-05-24 17:41:45 [scrapy-playwright] DEBUG: [Context=default] Request: <GET https://assets.adobedtm.com/extensions/EPb56e12d7054b4acea984e91c910051cc/AppMeasurement.min.js> (resource type: script, referrer: https://proxy.scrapeops.io/)
2024-05-24 17:41:45 [scrapy-playwright] DEBUG: [Context=default] Request: <GET https://assets.adobedtm.com/extensions/EPb56e12d7054b4acea984e91c910051cc/AppMeasurement_Module_ActivityMap.min.js> (resource type: script, referrer: https://proxy.scrapeops.io/)
2024-05-24 17:41:45 [scrapy-playwright] DEBUG: [Context=default] Request: <GET https://assets.adobedtm.com/30847013d771/bbc9df83fb26/b17d9e727d4f/RC55ddc9b19edc417d832d03b788ad593f-source.min.js> (resource type: script, referrer: https://proxy.scrapeops.io/)
2024-05-24 17:41:45 [scrapy-playwright] DEBUG: [Context=default] Request: <GET https://assets.adobedtm.com/30847013d771/bbc9df83fb26/b17d9e727d4f/RC66b2189ab8f3449ba0b208760f128d98-source.min.js> (resource type: script, referrer: https://proxy.scrapeops.io/)
2024-05-24 17:41:45 [scrapy-playwright] DEBUG: [Context=default] Request: <GET https://assets.adobedtm.com/30847013d771/bbc9df83fb26/b17d9e727d4f/RCfb849ca488e24c6e8b70a174d98c989f-source.min.js> (resource type: script, referrer: https://proxy.scrapeops.io/)
2024-05-24 17:41:45 [scrapy-playwright] DEBUG: [Context=default] Request: <GET https://assets.adobedtm.com/30847013d771/bbc9df83fb26/b17d9e727d4f/RC1090dff22efd4ab491a29d6ac38a1092-source.min.js> (resource type: script, referrer: https://proxy.scrapeops.io/)
2024-05-24 17:41:45 [scrapy-playwright] DEBUG: [Context=default] Request: <GET https://assets.adobedtm.com/30847013d771/bbc9df83fb26/b17d9e727d4f/RC219d9c6e2a8940c1b1ec31831e55142a-source.min.js> (resource type: script, referrer: https://proxy.scrapeops.io/)
2024-05-24 17:41:45 [scrapy-playwright] DEBUG: [Context=default] Request: <GET https://assets.adobedtm.com/30847013d771/bbc9df83fb26/b17d9e727d4f/RC1c83146aa5de41fa9e402e31575380be-source.min.js> (resource type: script, referrer: https://proxy.scrapeops.io/)
2024-05-24 17:41:45 [scrapy-playwright] DEBUG: [Context=default] Request: <GET https://assets.adobedtm.com/30847013d771/bbc9df83fb26/b17d9e727d4f/RC021514eac6f841aaab3a80fbdbd37b5a-source.min.js> (resource type: script, referrer: https://proxy.scrapeops.io/)
2024-05-24 17:41:45 [scrapy-playwright] DEBUG: [Context=default] Request: <GET https://assets.adobedtm.com/30847013d771/bbc9df83fb26/b17d9e727d4f/RC5fbd4a702c144e48acffb89daa1731fe-source.min.js> (resource type: script, referrer: https://proxy.scrapeops.io/)
2024-05-24 17:41:45 [scrapy-playwright] DEBUG: [Context=default] Request: <GET https://www.googletagmanager.com/gtag/js?id=DC-6222457&l=dataLayer> (resource type: script, referrer: https://proxy.scrapeops.io/)
2024-05-24 17:41:45 [scrapy-playwright] DEBUG: [Context=default] Request: <GET https://assets.adobedtm.com/30847013d771/bbc9df83fb26/b17d9e727d4f/RC6e71cf24d5ee4bed85e7ff3b80387fb4-source.min.js> (resource type: script, referrer: https://proxy.scrapeops.io/)
2024-05-24 17:41:45 [scrapy-playwright] DEBUG: [Context=default] Request: <GET https://assets.adobedtm.com/30847013d771/bbc9df83fb26/b17d9e727d4f/RCa79cb4e2bac8443aa0d3d8a60d80e09c-source.min.js> (resource type: script, referrer: https://proxy.scrapeops.io/)
2024-05-24 17:41:45 [scrapy-playwright] DEBUG: [Context=default] Request: <GET https://assets.adobedtm.com/30847013d771/bbc9df83fb26/b17d9e727d4f/RC9e057dfda2f34a6f8cc3fe4ce1019977-source.min.js> (resource type: script, referrer: https://proxy.scrapeops.io/)
2024-05-24 17:41:45 [scrapy-playwright] DEBUG: [Context=default] Request: <GET https://assets.adobedtm.com/30847013d771/bbc9df83fb26/b17d9e727d4f/RCaabd941a571e4e6c8743414af8a7d99b-source.min.js> (resource type: script, referrer: https://proxy.scrapeops.io/)
2024-05-24 17:41:45 [scrapy-playwright] DEBUG: [Context=default] Request: <GET https://assets.adobedtm.com/30847013d771/bbc9df83fb26/b17d9e727d4f/RCf2e8a60c6eec4acfa855d8c97754d787-source.min.js> (resource type: script, referrer: https://proxy.scrapeops.io/)
2024-05-24 17:41:45 [scrapy-playwright] DEBUG: [Context=default] Request: <GET https://assets.adobedtm.com/30847013d771/bbc9df83fb26/b17d9e727d4f/RC13bea7aaada541eb87fc654821114b93-source.min.js> (resource type: script, referrer: https://proxy.scrapeops.io/)
2024-05-24 17:41:45 [scrapy-playwright] DEBUG: [Context=default] Request: <GET https://assets.adobedtm.com/30847013d771/bbc9df83fb26/b17d9e727d4f/RC7e68d701da4544b983f2609b1a3dfaaa-source.min.js> (resource type: script, referrer: https://proxy.scrapeops.io/)
2024-05-24 17:41:45 [scrapy-playwright] DEBUG: [Context=default] Request: <GET https://omniture-ssl.walmart.ca/id?d_visid_ver=5.2.0&d_fieldgroup=A&mcorgid=C4C6370453309C960A490D44%40AdobeOrg&mid=81651562499872001299209872795497831874&ts=1716572505519> (resource type: xhr, referrer: https://proxy.scrapeops.io/)
2024-05-24 17:41:45 [scrapy-playwright] DEBUG: [Context=default] Request: <POST https://adobedc.demdex.net/ee/v1/interact?configId=36146aa0-0680-42dc-aa1c-1eba3062f6c3&requestId=ec7c30ee-da0e-4ad6-b7e0-3f64abb08a91> (resource type: fetch, referrer: https://proxy.scrapeops.io/)
2024-05-24 17:41:45 [scrapy-playwright] DEBUG: [Context=default] Response: <200 https://fonts.gstatic.com/s/roboto/v30/KFOmCnqEu92Fr1Mu4mxP.ttf>
2024-05-24 17:41:45 [scrapy-playwright] DEBUG: [Context=default] Response: <200 https://assets.adobedtm.com/extensions/EPb56e12d7054b4acea984e91c910051cc/AppMeasurement.min.js>
2024-05-24 17:41:45 [scrapy-playwright] DEBUG: [Context=default] Response: <404 https://proxy.scrapeops.io/px/PXnp9B16Cq/captcha/captcha.js?a=c&m=0&g=a>
2024-05-24 17:41:45 [scrapy-playwright] DEBUG: [Context=default] Response: <200 https://fonts.gstatic.com/s/roboto/v30/KFOlCnqEu92Fr1MmEU9fBBc9.ttf>
2024-05-24 17:41:45 [scrapy-playwright] DEBUG: [Context=default] Request: <POST https://adobedc.demdex.net/ee/v1/interact?configId=36146aa0-0680-42dc-aa1c-1eba3062f6c3&requestId=81973a83-9bbf-4e11-968d-41180db560b8> (resource type: fetch, referrer: https://proxy.scrapeops.io/)
2024-05-24 17:41:45 [scrapy-playwright] DEBUG: [Context=default] Response: <200 https://assets.adobedtm.com/extensions/EPb56e12d7054b4acea984e91c910051cc/AppMeasurement_Module_ActivityMap.min.js>
2024-05-24 17:41:45 [scrapy-playwright] DEBUG: [Context=default] Response: <200 https://assets.adobedtm.com/30847013d771/bbc9df83fb26/b17d9e727d4f/RC55ddc9b19edc417d832d03b788ad593f-source.min.js>
2024-05-24 17:41:45 [scrapy-playwright] DEBUG: [Context=default] Response: <200 https://assets.adobedtm.com/30847013d771/bbc9df83fb26/b17d9e727d4f/RC66b2189ab8f3449ba0b208760f128d98-source.min.js>
2024-05-24 17:41:45 [scrapy-playwright] DEBUG: [Context=default] Response: <200 https://assets.adobedtm.com/30847013d771/bbc9df83fb26/b17d9e727d4f/RCfb849ca488e24c6e8b70a174d98c989f-source.min.js>
2024-05-24 17:41:45 [scrapy-playwright] DEBUG: [Context=default] Response: <200 https://assets.adobedtm.com/30847013d771/bbc9df83fb26/b17d9e727d4f/RC1090dff22efd4ab491a29d6ac38a1092-source.min.js>
2024-05-24 17:41:45 [scrapy-playwright] DEBUG: [Context=default] Response: <200 https://assets.adobedtm.com/30847013d771/bbc9df83fb26/b17d9e727d4f/RC219d9c6e2a8940c1b1ec31831e55142a-source.min.js>
2024-05-24 17:41:45 [scrapy-playwright] DEBUG: [Context=default] Response: <200 https://assets.adobedtm.com/30847013d771/bbc9df83fb26/b17d9e727d4f/RC1c83146aa5de41fa9e402e31575380be-source.min.js>
2024-05-24 17:41:45 [scrapy-playwright] DEBUG: [Context=default] Response: <200 https://assets.adobedtm.com/30847013d771/bbc9df83fb26/b17d9e727d4f/RC021514eac6f841aaab3a80fbdbd37b5a-source.min.js>
2024-05-24 17:41:45 [scrapy-playwright] DEBUG: [Context=default] Response: <200 https://assets.adobedtm.com/30847013d771/bbc9df83fb26/b17d9e727d4f/RC5fbd4a702c144e48acffb89daa1731fe-source.min.js>
2024-05-24 17:41:45 [scrapy-playwright] DEBUG: [Context=default] Response: <200 https://assets.adobedtm.com/30847013d771/bbc9df83fb26/b17d9e727d4f/RC6e71cf24d5ee4bed85e7ff3b80387fb4-source.min.js>
2024-05-24 17:41:45 [scrapy-playwright] DEBUG: [Context=default] Request: <GET https://dynamic.criteo.com/js/ld/ld.js?a=20510> (resource type: script, referrer: https://proxy.scrapeops.io/)
2024-05-24 17:41:45 [scrapy-playwright] DEBUG: [Context=default] Request: <GET https://sb.scorecardresearch.com/beacon.js> (resource type: script, referrer: https://proxy.scrapeops.io/)
2024-05-24 17:41:45 [scrapy-playwright] DEBUG: [Context=default] Request: <GET https://bat.bing.com/bat.js> (resource type: script, referrer: https://proxy.scrapeops.io/)
2024-05-24 17:41:45 [scrapy-playwright] DEBUG: [Context=default] Response: <200 https://assets.adobedtm.com/30847013d771/bbc9df83fb26/b17d9e727d4f/RCa79cb4e2bac8443aa0d3d8a60d80e09c-source.min.js>
2024-05-24 17:41:45 [scrapy-playwright] DEBUG: [Context=default] Response: <200 https://assets.adobedtm.com/30847013d771/bbc9df83fb26/b17d9e727d4f/RC9e057dfda2f34a6f8cc3fe4ce1019977-source.min.js>
2024-05-24 17:41:45 [scrapy-playwright] DEBUG: [Context=default] Response: <200 https://assets.adobedtm.com/30847013d771/bbc9df83fb26/b17d9e727d4f/RCaabd941a571e4e6c8743414af8a7d99b-source.min.js>
2024-05-24 17:41:45 [scrapy-playwright] DEBUG: [Context=default] Response: <200 https://assets.adobedtm.com/30847013d771/bbc9df83fb26/b17d9e727d4f/RCf2e8a60c6eec4acfa855d8c97754d787-source.min.js>
2024-05-24 17:41:45 [scrapy-playwright] DEBUG: [Context=default] Response: <200 https://assets.adobedtm.com/30847013d771/bbc9df83fb26/b17d9e727d4f/RC13bea7aaada541eb87fc654821114b93-source.min.js>
2024-05-24 17:41:45 [scrapy-playwright] DEBUG: [Context=default] Request: <GET https://sc-static.net/scevent.min.js> (resource type: script, referrer: https://proxy.scrapeops.io/)
2024-05-24 17:41:45 [scrapy-playwright] DEBUG: [Context=default] Request: <GET https://analytics.tiktok.com/i18n/pixel/events.js?sdkid=CGD36CJC77U35EGGTM80&lib=ttq> (resource type: script, referrer: https://proxy.scrapeops.io/)
2024-05-24 17:41:46 [scrapy-playwright] DEBUG: [Context=default] Response: <200 https://omniture-ssl.walmart.ca/id?d_visid_ver=5.2.0&d_fieldgroup=A&mcorgid=C4C6370453309C960A490D44%40AdobeOrg&mid=81651562499872001299209872795497831874&ts=1716572505519>
2024-05-24 17:41:46 [scrapy-playwright] DEBUG: [Context=default] Request: <GET https://dpm.demdex.net/id?d_visid_ver=5.2.0&d_fieldgroup=AAM&d_rtbd=json&d_ver=2&d_orgid=C4C6370453309C960A490D44%40AdobeOrg&d_nsid=0&d_mid=81651562499872001299209872795497831874&ts=1716572506008> (resource type: xhr, referrer: https://proxy.scrapeops.io/)
2024-05-24 17:41:46 [scrapy.core.engine] DEBUG: Crawled (200) <GET https://proxy.scrapeops.io/v1/?api_key=daea12f2-c861-4373-b3da-47c01582e74f&url=https%3A%2F%2Fwww.walmart.ca%2Fsearch%3Fq%3Doikos> (referer: None) ['playwright']
2024-05-24 17:41:46 [scrapy-playwright] DEBUG: [Context=default] Request: <GET https://dpm.demdex.net/id?d_visid_ver=5.2.0&d_fieldgroup=AAM&d_rtbd=json&d_ver=2&d_orgid=C4C6370453309C960A490D44%40AdobeOrg&d_nsid=0&d_mid=81651562499872001299209872795497831874&ts=1716572506071> (resource type: xhr, referrer: https://proxy.scrapeops.io/)
2024-05-24 17:41:46 [scrapy-playwright] DEBUG: [Context=default] Request: <GET https://omniture-ssl.walmart.ca/b/ss/wmicanadaprod/1/JS-2.22.3-LDQM/s1486205575765?AQB=1&ndh=1&pf=1&t=24%2F4%2F2024%2017%3A41%3A46%205%200&mid=81651562499872001299209872795497831874&ce=UTF-8&pageName=Bot%20Protection%20Page&g=https%3A%2F%2Fproxy.scrapeops.io%2Fv1%2F%3Fapi_key%3Ddaea12f2-c861-4373-b3da-47c01582e74f%26url%3Dhttps%253A%252F%252Fwww.walmart.ca%252Fsearch%253Fq%253Doikos&c.&getPreviousValue=3.0&.c&cc=CAD&ch=Bot%20Page&c1=Bot%20Page&l1=no%20xpa%20value%20foud&c4=Bot%20Protection%20Page&v4=merchandisingCategory%20not%20found&c5=English&v7=New&c9=D%3Ds&v9=D%3Dc5&c10=Desktop&v11=D%3Dc1&c15=Bot%20Protection%20Page&v17=D%3Dc9&v18=D%3Dc10&v19=Bot%20Protection%20Page&c23=D%3DUser-Agent&v29=vtc%20not%20present&c30=Bot%20Page&v30=D%3DpageName&c32=12%3A41%20PM%7CFriday&v33=D%3DUser-Agent&v34=D%3Dg&c35=D%3Dv71&c38=67&c49=true&c51=D%3Dg&v55=pricingZoneId%3A%2CdeliveryCenterID%3A%2CshippingPotalCode%3A&c64=true&v71=2024524&v81=true&v89=81651562499872001299209872795497831874&v160=D%3Dr&v173=0.7281254752283968_1716572505965&s=1280x720&c=24&j=1.6&v=N&k=Y&bw=1280&bh=720&mcorgid=C4C6370453309C960A490D44%40AdobeOrg&AQE=1> (resource type: image, referrer: https://proxy.scrapeops.io/)
2024-05-24 17:41:46 [scrapy-playwright] DEBUG: [Context=default] Response: <200 https://omniture-ssl.walmart.ca/b/ss/wmicanadaprod/1/JS-2.22.3-LDQM/s1486205575765?AQB=1&ndh=1&pf=1&t=24%2F4%2F2024%2017%3A41%3A46%205%200&mid=81651562499872001299209872795497831874&ce=UTF-8&pageName=Bot%20Protection%20Page&g=https%3A%2F%2Fproxy.scrapeops.io%2Fv1%2F%3Fapi_key%3Ddaea12f2-c861-4373-b3da-47c01582e74f%26url%3Dhttps%253A%252F%252Fwww.walmart.ca%252Fsearch%253Fq%253Doikos&c.&getPreviousValue=3.0&.c&cc=CAD&ch=Bot%20Page&c1=Bot%20Page&l1=no%20xpa%20value%20foud&c4=Bot%20Protection%20Page&v4=merchandisingCategory%20not%20found&c5=English&v7=New&c9=D%3Ds&v9=D%3Dc5&c10=Desktop&v11=D%3Dc1&c15=Bot%20Protection%20Page&v17=D%3Dc9&v18=D%3Dc10&v19=Bot%20Protection%20Page&c23=D%3DUser-Agent&v29=vtc%20not%20present&c30=Bot%20Page&v30=D%3DpageName&c32=12%3A41%20PM%7CFriday&v33=D%3DUser-Agent&v34=D%3Dg&c35=D%3Dv71&c38=67&c49=true&c51=D%3Dg&v55=pricingZoneId%3A%2CdeliveryCenterID%3A%2CshippingPotalCode%3A&c64=true&v71=2024524&v81=true&v89=81651562499872001299209872795497831874&v160=D%3Dr&v173=0.7281254752283968_1716572505965&s=1280x720&c=24&j=1.6&v=N&k=Y&bw=1280&bh=720&mcorgid=C4C6370453309C960A490D44%40AdobeOrg&AQE=1>
2024-05-24 17:42:01 [scrapy.core.engine] INFO: Closing spider (finished)
2024-05-24 17:42:01 [scrapy.extensions.feedexport] INFO: Stored json feed (0 items) in: walmart.json
2024-05-24 17:42:01 [scrapy.statscollectors] INFO: Dumping Scrapy stats:
{'downloader/request_bytes': 321,
 'downloader/request_count': 1,
 'downloader/request_method_count/GET': 1,
 'downloader/response_bytes': 16068,
 'downloader/response_count': 1,
 'downloader/response_status_count/200': 1,
 'elapsed_time_seconds': 29.159846,
 'feedexport/success_count/FileFeedStorage': 1,
 'finish_reason': 'finished',
 'finish_time': datetime.datetime(2024, 5, 24, 17, 42, 1, 139551, tzinfo=datetime.timezone.utc),
 'log_count/DEBUG': 67,
 'log_count/INFO': 15,
 'memusage/max': 67321856,
 'memusage/startup': 67321856,
 'playwright/context_count': 1,
 'playwright/context_count/max_concurrent': 1,
 'playwright/context_count/persistent/False': 1,
 'playwright/context_count/remote/False': 1,
 'playwright/page_count': 1,
 'playwright/page_count/max_concurrent': 1,
 'playwright/request_count': 37,
 'playwright/request_count/method/GET': 35,
 'playwright/request_count/method/POST': 2,
 'playwright/request_count/navigation': 1,
 'playwright/request_count/resource_type/document': 1,
 'playwright/request_count/resource_type/fetch': 2,
 'playwright/request_count/resource_type/font': 2,
 'playwright/request_count/resource_type/image': 1,
 'playwright/request_count/resource_type/script': 26,
 'playwright/request_count/resource_type/stylesheet': 1,
 'playwright/request_count/resource_type/xhr': 4,
 'playwright/response_count': 24,
 'playwright/response_count/method/GET': 24,
 'playwright/response_count/resource_type/document': 1,
 'playwright/response_count/resource_type/font': 2,
 'playwright/response_count/resource_type/image': 1,
 'playwright/response_count/resource_type/script': 18,
 'playwright/response_count/resource_type/stylesheet': 1,
 'playwright/response_count/resource_type/xhr': 1,
 'response_received_count': 1,
 'scheduler/dequeued': 2,
 'scheduler/dequeued/memory': 2,
 'scheduler/enqueued': 2,
 'scheduler/enqueued/memory': 2,
 'start_time': datetime.datetime(2024, 5, 24, 17, 41, 31, 979705, tzinfo=datetime.timezone.utc)}
2024-05-24 17:42:01 [scrapy.core.engine] INFO: Spider closed (finished)
2024-05-24 17:42:01 [scrapy-playwright] INFO: Closing download handler
2024-05-24 17:42:01 [scrapy-playwright] INFO: Closing download handler
2024-05-24 17:42:01 [scrapy-playwright] DEBUG: Browser context closed: 'default' (persistent=False, remote=False)
2024-05-24 17:42:01 [scrapy-playwright] INFO: Closing browser
